sep. 10, 2025 10:57:49 AM sample.HQClienthandler run
INFO: 7 ZZTop
sep. 10, 2025 10:57:54 AM sample.HQClienthandler run
INFO: 9 ZZTop
sep. 10, 2025 10:57:55 AM sample.HQClienthandler run
INFO: Oxygen level: 3%
sep. 10, 2025 10:57:55 AM sample.HQClienthandler run
WARNING: OxygenAlarm: 3%
sep. 10, 2025 10:57:59 AM sample.HQClienthandler run
INFO: 7 ZZTop
sep. 10, 2025 10:57:59 AM sample.HQClienthandler run
INFO: Carbondioxide: 164ppm
sep. 10, 2025 10:58:00 AM sample.HQClienthandler run
INFO: Oxygen level: 13%
sep. 10, 2025 10:58:00 AM sample.HQClienthandler run
WARNING: OxygenAlarm: 13%
sep. 10, 2025 10:58:02 AM sample.HQClienthandler run
INFO: Temperatur 96C
sep. 10, 2025 10:58:04 AM sample.HQClienthandler run
INFO: 7 ZZTop
sep. 10, 2025 10:58:04 AM sample.HQClienthandler run
INFO: Carbondioxide: 526ppm
sep. 10, 2025 10:58:05 AM sample.HQClienthandler run
INFO: Pressure: 12994hPa
sep. 10, 2025 10:58:05 AM sample.HQClienthandler run
WARNING: PressureAlarm: 12994hPa
sep. 10, 2025 10:58:05 AM sample.HQClienthandler run
INFO: Oxygen level: 82%
sep. 10, 2025 10:58:05 AM sample.HQClienthandler run
WARNING: OxygenAlarm: 82%
sep. 10, 2025 10:58:07 AM sample.HQClienthandler run
INFO: Temperatur -47C
sep. 10, 2025 10:58:09 AM sample.HQClienthandler run
INFO: 4 ZZTop
sep. 10, 2025 10:58:09 AM sample.HQClienthandler run
INFO: Carbondioxide: 774ppm
sep. 10, 2025 10:58:10 AM sample.HQClienthandler run
INFO: Oxygen level: 76%
sep. 10, 2025 10:58:10 AM sample.HQClienthandler run
WARNING: OxygenAlarm: 76%
sep. 10, 2025 10:58:10 AM sample.HQClienthandler run
INFO: Pressure: 10378hPa
sep. 10, 2025 10:58:10 AM sample.HQClienthandler run
WARNING: PressureAlarm: 10378hPa
sep. 10, 2025 10:58:12 AM sample.HQClienthandler run
INFO: Temperatur -89C
sep. 10, 2025 10:58:14 AM sample.HQClienthandler run
INFO: 10 Brazilian Funk
sep. 10, 2025 10:58:14 AM sample.HQClienthandler run
WARNING: MusicAlarm: Brazilian Funk
sep. 10, 2025 10:58:14 AM sample.HQClienthandler run
INFO: Carbondioxide: 1394ppm
sep. 10, 2025 10:58:15 AM sample.HQClienthandler run
INFO: Oxygen level: 73%
sep. 10, 2025 10:58:15 AM sample.HQClienthandler run
INFO: Pressure: 3645hPa
sep. 10, 2025 10:58:15 AM sample.HQClienthandler run
WARNING: OxygenAlarm: 73%
sep. 10, 2025 10:58:15 AM sample.HQClienthandler run
WARNING: PressureAlarm: 3645hPa
sep. 10, 2025 10:58:17 AM sample.HQClienthandler run
INFO: Temperatur -51C
sep. 10, 2025 10:58:19 AM sample.HQClienthandler run
INFO: 2 ZZTop
sep. 10, 2025 10:58:19 AM sample.HQClienthandler run
INFO: Carbondioxide: 815ppm
sep. 10, 2025 10:58:20 AM sample.HQClienthandler run
INFO: Pressure: 19014hPa
sep. 10, 2025 10:58:20 AM sample.HQClienthandler run
INFO: Oxygen level: 31%
sep. 10, 2025 10:58:20 AM sample.HQClienthandler run
WARNING: PressureAlarm: 19014hPa
sep. 10, 2025 10:58:20 AM sample.HQClienthandler run
WARNING: OxygenAlarm: 31%
sep. 10, 2025 10:58:22 AM sample.HQClienthandler run
INFO: Temperatur 89C
sep. 10, 2025 10:58:24 AM sample.HQClienthandler run
INFO: 9 ZZTop
sep. 10, 2025 10:58:24 AM sample.HQClienthandler run
INFO: Carbondioxide: 889ppm
sep. 10, 2025 10:58:25 AM sample.HQClienthandler run
INFO: Pressure: 3422hPa
sep. 10, 2025 10:58:25 AM sample.HQClienthandler run
INFO: Oxygen level: 44%
sep. 10, 2025 10:58:25 AM sample.HQClienthandler run
WARNING: PressureAlarm: 3422hPa
sep. 10, 2025 10:58:25 AM sample.HQClienthandler run
WARNING: OxygenAlarm: 44%
sep. 10, 2025 10:58:27 AM sample.HQClienthandler run
INFO: Temperatur -58C
